[0.993s] Invoking command in '/home/dhruvagarwal/camera_publisher': PYTHONPATH=/home/dhruvagarwal/camera_publisher/build/camera_publisher/prefix_override:/usr/lib/python3/dist-packages/colcon_core/task/python/colcon_distutils_commands:/home/dhruvagarwal/camera_publisher/install/camera_publisher/lib/python3.10/site-packages:${PYTHONPATH} /usr/bin/python3 -W ignore:setup.py install is deprecated setup.py egg_info --egg-base build/camera_publisher build --build-base /home/dhruvagarwal/camera_publisher/build/camera_publisher/build install --record /home/dhruvagarwal/camera_publisher/build/camera_publisher/install.log --single-version-externally-managed install_data
[1.185s] running egg_info
[1.186s] creating build/camera_publisher/camera_publisher.egg-info
[1.186s] writing build/camera_publisher/camera_publisher.egg-info/PKG-INFO
[1.186s] writing dependency_links to build/camera_publisher/camera_publisher.egg-info/dependency_links.txt
[1.186s] writing entry points to build/camera_publisher/camera_publisher.egg-info/entry_points.txt
[1.186s] writing requirements to build/camera_publisher/camera_publisher.egg-info/requires.txt
[1.186s] writing top-level names to build/camera_publisher/camera_publisher.egg-info/top_level.txt
[1.187s] writing manifest file 'build/camera_publisher/camera_publisher.egg-info/SOURCES.txt'
[1.188s] reading manifest file 'build/camera_publisher/camera_publisher.egg-info/SOURCES.txt'
[1.188s] writing manifest file 'build/camera_publisher/camera_publisher.egg-info/SOURCES.txt'
[1.188s] running build
[1.189s] running build_py
[1.189s] creating /home/dhruvagarwal/camera_publisher/build/camera_publisher/build
[1.189s] creating /home/dhruvagarwal/camera_publisher/build/camera_publisher/build/lib
[1.189s] creating /home/dhruvagarwal/camera_publisher/build/camera_publisher/build/lib/camera_publisher
[1.189s] copying camera_publisher/__init__.py -> /home/dhruvagarwal/camera_publisher/build/camera_publisher/build/lib/camera_publisher
[1.189s] running install
[1.189s] running install_lib
[1.190s] creating /home/dhruvagarwal/camera_publisher/install/camera_publisher/lib/python3.10/site-packages/camera_publisher
[1.190s] copying /home/dhruvagarwal/camera_publisher/build/camera_publisher/build/lib/camera_publisher/__init__.py -> /home/dhruvagarwal/camera_publisher/install/camera_publisher/lib/python3.10/site-packages/camera_publisher
[1.190s] byte-compiling /home/dhruvagarwal/camera_publisher/install/camera_publisher/lib/python3.10/site-packages/camera_publisher/__init__.py to __init__.cpython-310.pyc
[1.191s] running install_data
[1.191s] creating /home/dhruvagarwal/camera_publisher/install/camera_publisher/share/ament_index
[1.191s] creating /home/dhruvagarwal/camera_publisher/install/camera_publisher/share/ament_index/resource_index
[1.191s] creating /home/dhruvagarwal/camera_publisher/install/camera_publisher/share/ament_index/resource_index/packages
[1.191s] copying resource/camera_publisher -> /home/dhruvagarwal/camera_publisher/install/camera_publisher/share/ament_index/resource_index/packages
[1.191s] copying package.xml -> /home/dhruvagarwal/camera_publisher/install/camera_publisher/share/camera_publisher
[1.191s] running install_egg_info
[1.193s] Copying build/camera_publisher/camera_publisher.egg-info to /home/dhruvagarwal/camera_publisher/install/camera_publisher/lib/python3.10/site-packages/camera_publisher-0.0.0-py3.10.egg-info
[1.193s] running install_scripts
[1.207s] Installing camera_publisher script to /home/dhruvagarwal/camera_publisher/install/camera_publisher/lib/camera_publisher
[1.207s] writing list of installed files to '/home/dhruvagarwal/camera_publisher/build/camera_publisher/install.log'
[1.225s] Invoked command in '/home/dhruvagarwal/camera_publisher' returned '0': PYTHONPATH=/home/dhruvagarwal/camera_publisher/build/camera_publisher/prefix_override:/usr/lib/python3/dist-packages/colcon_core/task/python/colcon_distutils_commands:/home/dhruvagarwal/camera_publisher/install/camera_publisher/lib/python3.10/site-packages:${PYTHONPATH} /usr/bin/python3 -W ignore:setup.py install is deprecated setup.py egg_info --egg-base build/camera_publisher build --build-base /home/dhruvagarwal/camera_publisher/build/camera_publisher/build install --record /home/dhruvagarwal/camera_publisher/build/camera_publisher/install.log --single-version-externally-managed install_data
