[1.438s] Invoking command in '/home/dhruvagarwal/camera_publisher': PYTHONPATH=/home/dhruvagarwal/camera_publisher/build/camera_publisher/prefix_override:/usr/lib/python3/dist-packages/colcon_core/task/python/colcon_distutils_commands:/home/dhruvagarwal/camera_publisher/install/camera_publisher/lib/python3.10/site-packages:${PYTHONPATH} /usr/bin/python3 -W ignore:setup.py install is deprecated setup.py egg_info --egg-base build/camera_publisher build --build-base /home/dhruvagarwal/camera_publisher/build/camera_publisher/build install --record /home/dhruvagarwal/camera_publisher/build/camera_publisher/install.log --single-version-externally-managed install_data
[1.758s] running egg_info
[1.761s] writing build/camera_publisher/camera_publisher.egg-info/PKG-INFO
[1.764s] writing dependency_links to build/camera_publisher/camera_publisher.egg-info/dependency_links.txt
[1.764s] writing entry points to build/camera_publisher/camera_publisher.egg-info/entry_points.txt
[1.764s] writing requirements to build/camera_publisher/camera_publisher.egg-info/requires.txt
[1.764s] writing top-level names to build/camera_publisher/camera_publisher.egg-info/top_level.txt
[1.766s] reading manifest file 'build/camera_publisher/camera_publisher.egg-info/SOURCES.txt'
[1.778s] writing manifest file 'build/camera_publisher/camera_publisher.egg-info/SOURCES.txt'
[1.778s] running build
[1.778s] running build_py
[1.778s] copying camera_publisher/camera_publisher.py -> /home/dhruvagarwal/camera_publisher/build/camera_publisher/build/lib/camera_publisher
[1.784s] running install
[1.785s] running install_lib
[1.789s] copying /home/dhruvagarwal/camera_publisher/build/camera_publisher/build/lib/camera_publisher/camera_publisher.py -> /home/dhruvagarwal/camera_publisher/install/camera_publisher/lib/python3.10/site-packages/camera_publisher
[1.789s] byte-compiling /home/dhruvagarwal/camera_publisher/install/camera_publisher/lib/python3.10/site-packages/camera_publisher/camera_publisher.py to camera_publisher.cpython-310.pyc
[1.791s] running install_data
[1.791s] running install_egg_info
[1.792s] removing '/home/dhruvagarwal/camera_publisher/install/camera_publisher/lib/python3.10/site-packages/camera_publisher-0.0.0-py3.10.egg-info' (and everything under it)
[1.792s] Copying build/camera_publisher/camera_publisher.egg-info to /home/dhruvagarwal/camera_publisher/install/camera_publisher/lib/python3.10/site-packages/camera_publisher-0.0.0-py3.10.egg-info
[1.792s] running install_scripts
[1.834s] Installing camera_publisher script to /home/dhruvagarwal/camera_publisher/install/camera_publisher/lib/camera_publisher
[1.835s] writing list of installed files to '/home/dhruvagarwal/camera_publisher/build/camera_publisher/install.log'
[1.885s] Invoked command in '/home/dhruvagarwal/camera_publisher' returned '0': PYTHONPATH=/home/dhruvagarwal/camera_publisher/build/camera_publisher/prefix_override:/usr/lib/python3/dist-packages/colcon_core/task/python/colcon_distutils_commands:/home/dhruvagarwal/camera_publisher/install/camera_publisher/lib/python3.10/site-packages:${PYTHONPATH} /usr/bin/python3 -W ignore:setup.py install is deprecated setup.py egg_info --egg-base build/camera_publisher build --build-base /home/dhruvagarwal/camera_publisher/build/camera_publisher/build install --record /home/dhruvagarwal/camera_publisher/build/camera_publisher/install.log --single-version-externally-managed install_data
