[1.464s] Invoking command in '/home/dhruvagarwal/camera_publisher': PYTHONPATH=/home/dhruvagarwal/camera_publisher/build/camera_publisher/prefix_override:/usr/lib/python3/dist-packages/colcon_core/task/python/colcon_distutils_commands:/home/dhruvagarwal/camera_publisher/install/camera_publisher/lib/python3.10/site-packages:${PYTHONPATH} /usr/bin/python3 -W ignore:setup.py install is deprecated setup.py egg_info --egg-base build/camera_publisher build --build-base /home/dhruvagarwal/camera_publisher/build/camera_publisher/build install --record /home/dhruvagarwal/camera_publisher/build/camera_publisher/install.log --single-version-externally-managed install_data
[1.796s] running egg_info
[1.797s] writing build/camera_publisher/camera_publisher.egg-info/PKG-INFO
[1.797s] writing dependency_links to build/camera_publisher/camera_publisher.egg-info/dependency_links.txt
[1.798s] writing entry points to build/camera_publisher/camera_publisher.egg-info/entry_points.txt
[1.798s] writing requirements to build/camera_publisher/camera_publisher.egg-info/requires.txt
[1.798s] writing top-level names to build/camera_publisher/camera_publisher.egg-info/top_level.txt
[1.803s] reading manifest file 'build/camera_publisher/camera_publisher.egg-info/SOURCES.txt'
[1.804s] writing manifest file 'build/camera_publisher/camera_publisher.egg-info/SOURCES.txt'
[1.805s] running build
[1.805s] running build_py
[1.805s] copying camera_publisher/camera_calibrator.py -> /home/dhruvagarwal/camera_publisher/build/camera_publisher/build/lib/camera_publisher
[1.806s] running install
[1.806s] running install_lib
[1.807s] copying /home/dhruvagarwal/camera_publisher/build/camera_publisher/build/lib/camera_publisher/camera_calibrator.py -> /home/dhruvagarwal/camera_publisher/install/camera_publisher/lib/python3.10/site-packages/camera_publisher
[1.808s] byte-compiling /home/dhruvagarwal/camera_publisher/install/camera_publisher/lib/python3.10/site-packages/camera_publisher/camera_calibrator.py to camera_calibrator.cpython-310.pyc
[1.809s] running install_data
[1.810s] running install_egg_info
[1.822s] removing '/home/dhruvagarwal/camera_publisher/install/camera_publisher/lib/python3.10/site-packages/camera_publisher-0.0.0-py3.10.egg-info' (and everything under it)
[1.822s] Copying build/camera_publisher/camera_publisher.egg-info to /home/dhruvagarwal/camera_publisher/install/camera_publisher/lib/python3.10/site-packages/camera_publisher-0.0.0-py3.10.egg-info
[1.822s] running install_scripts
[1.850s] Installing camera_publisher script to /home/dhruvagarwal/camera_publisher/install/camera_publisher/lib/camera_publisher
[1.861s] writing list of installed files to '/home/dhruvagarwal/camera_publisher/build/camera_publisher/install.log'
[1.944s] Invoked command in '/home/dhruvagarwal/camera_publisher' returned '0': PYTHONPATH=/home/dhruvagarwal/camera_publisher/build/camera_publisher/prefix_override:/usr/lib/python3/dist-packages/colcon_core/task/python/colcon_distutils_commands:/home/dhruvagarwal/camera_publisher/install/camera_publisher/lib/python3.10/site-packages:${PYTHONPATH} /usr/bin/python3 -W ignore:setup.py install is deprecated setup.py egg_info --egg-base build/camera_publisher build --build-base /home/dhruvagarwal/camera_publisher/build/camera_publisher/build install --record /home/dhruvagarwal/camera_publisher/build/camera_publisher/install.log --single-version-externally-managed install_data
