[0.481s] Invoking command in '/home/dhruvagarwal/camera_publisher': PYTHONPATH=/home/dhruvagarwal/camera_publisher/build/camera_publisher/prefix_override:/usr/lib/python3/dist-packages/colcon_core/task/python/colcon_distutils_commands:/home/dhruvagarwal/camera_publisher/install/camera_publisher/lib/python3.10/site-packages:${PYTHONPATH} /usr/bin/python3 -W ignore:setup.py install is deprecated setup.py egg_info --egg-base build/camera_publisher build --build-base /home/dhruvagarwal/camera_publisher/build/camera_publisher/build install --record /home/dhruvagarwal/camera_publisher/build/camera_publisher/install.log --single-version-externally-managed install_data
[0.664s] running egg_info
[0.665s] writing build/camera_publisher/camera_publisher.egg-info/PKG-INFO
[0.665s] writing dependency_links to build/camera_publisher/camera_publisher.egg-info/dependency_links.txt
[0.665s] writing entry points to build/camera_publisher/camera_publisher.egg-info/entry_points.txt
[0.665s] writing requirements to build/camera_publisher/camera_publisher.egg-info/requires.txt
[0.665s] writing top-level names to build/camera_publisher/camera_publisher.egg-info/top_level.txt
[0.666s] reading manifest file 'build/camera_publisher/camera_publisher.egg-info/SOURCES.txt'
[0.667s] writing manifest file 'build/camera_publisher/camera_publisher.egg-info/SOURCES.txt'
[0.667s] running build
[0.667s] running build_py
[0.667s] copying camera_publisher/camera_publisher.py -> /home/dhruvagarwal/camera_publisher/build/camera_publisher/build/lib/camera_publisher
[0.668s] running install
[0.668s] running install_lib
[0.668s] copying /home/dhruvagarwal/camera_publisher/build/camera_publisher/build/lib/camera_publisher/camera_publisher.py -> /home/dhruvagarwal/camera_publisher/install/camera_publisher/lib/python3.10/site-packages/camera_publisher
[0.669s] byte-compiling /home/dhruvagarwal/camera_publisher/install/camera_publisher/lib/python3.10/site-packages/camera_publisher/camera_publisher.py to camera_publisher.cpython-310.pyc
[0.669s] running install_data
[0.669s] running install_egg_info
[0.670s] removing '/home/dhruvagarwal/camera_publisher/install/camera_publisher/lib/python3.10/site-packages/camera_publisher-0.0.0-py3.10.egg-info' (and everything under it)
[0.670s] Copying build/camera_publisher/camera_publisher.egg-info to /home/dhruvagarwal/camera_publisher/install/camera_publisher/lib/python3.10/site-packages/camera_publisher-0.0.0-py3.10.egg-info
[0.671s] running install_scripts
[0.684s] Installing camera_publisher script to /home/dhruvagarwal/camera_publisher/install/camera_publisher/lib/camera_publisher
[0.684s] writing list of installed files to '/home/dhruvagarwal/camera_publisher/build/camera_publisher/install.log'
[0.700s] Invoked command in '/home/dhruvagarwal/camera_publisher' returned '0': PYTHONPATH=/home/dhruvagarwal/camera_publisher/build/camera_publisher/prefix_override:/usr/lib/python3/dist-packages/colcon_core/task/python/colcon_distutils_commands:/home/dhruvagarwal/camera_publisher/install/camera_publisher/lib/python3.10/site-packages:${PYTHONPATH} /usr/bin/python3 -W ignore:setup.py install is deprecated setup.py egg_info --egg-base build/camera_publisher build --build-base /home/dhruvagarwal/camera_publisher/build/camera_publisher/build install --record /home/dhruvagarwal/camera_publisher/build/camera_publisher/install.log --single-version-externally-managed install_data
